<?xml version="1.0" encoding="UTF-8"?>
<!-- Generated by org.testng.reporters.JUnitReportReporter -->
<testsuite skipped="0" hostname="Walkingtree-PC" name="dummyProject.gmailRegistrationUsingFrameWork" tests="3" failures="0" timestamp="05 Mar 2018 13:13:55 GMT" time="15.185" errors="0">
  <testcase name="loadUrlAndCheckCorrectPageIsOpenningOrNot" time="9.356" classname="dummyProject.gmailRegistrationUsingFrameWork"/>
  <testcase name="openGmailRegistrationPage" time="5.412" classname="dummyProject.gmailRegistrationUsingFrameWork"/>
  <testcase name="fillGmailRegistratationForm" time="0.417" classname="dummyProject.gmailRegistrationUsingFrameWork"/>
</testsuite> <!-- dummyProject.gmailRegistrationUsingFrameWork -->
